This is pdfTeX, Version 3.141592653-2.6-1.40.24 (TeX Live 2022/Arch Linux) (preloaded format=pdflatex 2022.9.27)  22 OCT 2022 23:30
entering extended mode
 restricted \write18 enabled.
 %&-line parsing enabled.
**report.tex
(./report.tex
LaTeX2e <2021-11-15> patch level 1
L3 programming layer <2022-04-10>
(/usr/share/texmf-dist/tex/latex/base/article.cls
Document Class: article 2021/10/04 v1.4n Standard LaTeX document class
(/usr/share/texmf-dist/tex/latex/base/size10.clo
File: size10.clo 2021/10/04 v1.4n Standard LaTeX file (size option)
)
\c@part=\count185
\c@section=\count186
\c@subsection=\count187
\c@subsubsection=\count188
\c@paragraph=\count189
\c@subparagraph=\count190
\c@figure=\count191
\c@table=\count192
\abovecaptionskip=\skip47
\belowcaptionskip=\skip48
\bibindent=\dimen138
)
(/usr/share/texmf-dist/tex/latex/graphics/graphicx.sty
Package: graphicx 2021/09/16 v1.2d Enhanced LaTeX Graphics (DPC,SPQR)

(/usr/share/texmf-dist/tex/latex/graphics/keyval.sty
Package: keyval 2014/10/28 v1.15 key=value parser (DPC)
\KV@toks@=\toks16
)
(/usr/share/texmf-dist/tex/latex/graphics/graphics.sty
Package: graphics 2021/03/04 v1.4d Standard LaTeX Graphics (DPC,SPQR)

(/usr/share/texmf-dist/tex/latex/graphics/trig.sty
Package: trig 2021/08/11 v1.11 sin cos tan (DPC)
)
(/usr/share/texmf-dist/tex/latex/graphics-cfg/graphics.cfg
File: graphics.cfg 2016/06/04 v1.11 sample graphics configuration
)
Package graphics Info: Driver file: pdftex.def on input line 107.

(/usr/share/texmf-dist/tex/latex/graphics-def/pdftex.def
File: pdftex.def 2020/10/05 v1.2a Graphics/color driver for pdftex
))
\Gin@req@height=\dimen139
\Gin@req@width=\dimen140
)
(/usr/share/texmf-dist/tex/latex/caption/caption.sty
Package: caption 2022/03/01 v3.6b Customizing captions (AR)

(/usr/share/texmf-dist/tex/latex/caption/caption3.sty
Package: caption3 2022/03/17 v2.3b caption3 kernel (AR)
\caption@tempdima=\dimen141
\captionmargin=\dimen142
\caption@leftmargin=\dimen143
\caption@rightmargin=\dimen144
\caption@width=\dimen145
\caption@indent=\dimen146
\caption@parindent=\dimen147
\caption@hangindent=\dimen148
Package caption Info: Standard document class detected.
)
\c@caption@flags=\count193
\c@continuedfloat=\count194
)
(/usr/share/texmf-dist/tex/latex/caption/subcaption.sty
Package: subcaption 2022/01/07 v1.5 Sub-captions (AR)
\c@subfigure=\count195
\c@subtable=\count196
)
(/usr/share/texmf-dist/tex/latex/l3backend/l3backend-pdftex.def
File: l3backend-pdftex.def 2022-04-14 L3 backend support: PDF output (pdfTeX)
\l__color_backend_stack_int=\count197
\l__pdf_internal_box=\box50
) (./report.aux)
\openout1 = `report.aux'.

LaTeX Font Info:    Checking defaults for OML/cmm/m/it on input line 10.
LaTeX Font Info:    ... okay on input line 10.
LaTeX Font Info:    Checking defaults for OMS/cmsy/m/n on input line 10.
LaTeX Font Info:    ... okay on input line 10.
LaTeX Font Info:    Checking defaults for OT1/cmr/m/n on input line 10.
LaTeX Font Info:    ... okay on input line 10.
LaTeX Font Info:    Checking defaults for T1/cmr/m/n on input line 10.
LaTeX Font Info:    ... okay on input line 10.
LaTeX Font Info:    Checking defaults for TS1/cmr/m/n on input line 10.
LaTeX Font Info:    ... okay on input line 10.
LaTeX Font Info:    Checking defaults for OMX/cmex/m/n on input line 10.
LaTeX Font Info:    ... okay on input line 10.
LaTeX Font Info:    Checking defaults for U/cmr/m/n on input line 10.
LaTeX Font Info:    ... okay on input line 10.
(/usr/share/texmf-dist/tex/context/base/mkii/supp-pdf.mkii
[Loading MPS to PDF converter (version 2006.09.02).]
\scratchcounter=\count198
\scratchdimen=\dimen149
\scratchbox=\box51
\nofMPsegments=\count199
\nofMParguments=\count266
\everyMPshowfont=\toks17
\MPscratchCnt=\count267
\MPscratchDim=\dimen150
\MPnumerator=\count268
\makeMPintoPDFobject=\count269
\everyMPtoPDFconversion=\toks18
) (/usr/share/texmf-dist/tex/latex/epstopdf-pkg/epstopdf-base.sty
Package: epstopdf-base 2020-01-24 v2.11 Base part for package epstopdf
Package epstopdf-base Info: Redefining graphics rule for `.eps' on input line 4
85.

(/usr/share/texmf-dist/tex/latex/latexconfig/epstopdf-sys.cfg
File: epstopdf-sys.cfg 2010/07/13 v1.3 Configuration of (r)epstopdf for TeX Liv
e
))
Package caption Info: Begin \AtBeginDocument code.
Package caption Info: End \AtBeginDocument code.
LaTeX Font Info:    External font `cmex10' loaded for size
(Font)              <12> on input line 12.
LaTeX Font Info:    External font `cmex10' loaded for size
(Font)              <8> on input line 12.
LaTeX Font Info:    External font `cmex10' loaded for size
(Font)              <6> on input line 12.
<CustomMirrorsLeftStep1.png, id=1, 835.12pt x 1125.20375pt>
File: CustomMirrorsLeftStep1.png Graphic file (type png)
<use CustomMirrorsLeftStep1.png>
Package pdftex.def Info: CustomMirrorsLeftStep1.png  used on input line 20.
(pdftex.def)             Requested size: 345.0pt x 464.83905pt.
<CustomMirrorsRightStep1.png, id=3, 858.20625pt x 1125.20375pt>
File: CustomMirrorsRightStep1.png Graphic file (type png)
<use CustomMirrorsRightStep1.png>
Package pdftex.def Info: CustomMirrorsRightStep1.png  used on input line 26.
(pdftex.def)             Requested size: 345.0pt x 452.33987pt.
<CustomMirrorsLeftStep2.png, id=4, 835.12pt x 1125.20375pt>
File: CustomMirrorsLeftStep2.png Graphic file (type png)
<use CustomMirrorsLeftStep2.png>
Package pdftex.def Info: CustomMirrorsLeftStep2.png  used on input line 35.
(pdftex.def)             Requested size: 345.0pt x 464.83905pt.
<CustomMirrorsRightStep2.png, id=5, 858.20625pt x 1125.20375pt>
File: CustomMirrorsRightStep2.png Graphic file (type png)
<use CustomMirrorsRightStep2.png>
Package pdftex.def Info: CustomMirrorsRightStep2.png  used on input line 41.
(pdftex.def)             Requested size: 345.0pt x 452.33987pt.
<CustomMirrorsLeftStep3.png, id=6, 874.26625pt x 1122.1925pt>
File: CustomMirrorsLeftStep3.png Graphic file (type png)
<use CustomMirrorsLeftStep3.png>
Package pdftex.def Info: CustomMirrorsLeftStep3.png  used on input line 50.
(pdftex.def)             Requested size: 345.0pt x 442.84166pt.
<CustomMirrorsRightStep3.png, id=7, 774.895pt x 1122.1925pt>
File: CustomMirrorsRightStep3.png Graphic file (type png)
<use CustomMirrorsRightStep3.png>
Package pdftex.def Info: CustomMirrorsRightStep3.png  used on input line 56.
(pdftex.def)             Requested size: 345.0pt x 499.62239pt.
<CustomMirrorsLeftStep4.png, id=8, 835.12pt x 1125.20375pt>
File: CustomMirrorsLeftStep4.png Graphic file (type png)
<use CustomMirrorsLeftStep4.png>
Package pdftex.def Info: CustomMirrorsLeftStep4.png  used on input line 63.
(pdftex.def)             Requested size: 345.0pt x 464.83905pt.
<CustomMirrorsRightStep4.png, id=9, 858.20625pt x 1127.21124pt>
File: CustomMirrorsRightStep4.png Graphic file (type png)
<use CustomMirrorsRightStep4.png>
Package pdftex.def Info: CustomMirrorsRightStep4.png  used on input line 69.
(pdftex.def)             Requested size: 345.0pt x 453.1469pt.
 [1

{/var/lib/texmf/fonts/map/pdftex/updmap/pdftex.map}] [2 <./CustomMirrorsLeftSte
p1.png>]
[3 <./CustomMirrorsRightStep1.png>] [4 <./CustomMirrorsLeftStep2.png>] [5 <./Cu
stomMirrorsRightStep2.png>] [6 <./CustomMirrorsLeftStep3.png>] [7 <./CustomMirr
orsRightStep3.png>] [8 <./CustomMirrorsLeftStep4.png>] [9 <./CustomMirrorsRight
Step4.png>] (./report.aux) ) 
Here is how much of TeX's memory you used:
 2813 strings out of 478238
 51512 string characters out of 5850456
 340883 words of memory out of 5000000
 21081 multiletter control sequences out of 15000+600000
 472899 words of font info for 40 fonts, out of 8000000 for 9000
 1141 hyphenation exceptions out of 8191
 55i,7n,63p,669b,297s stack positions out of 5000i,500n,10000p,200000b,80000s
</usr/share/texmf-dist/fonts/type1/public/amsfonts/
cm/cmbx12.pfb></usr/share/texmf-dist/fonts/type1/public/amsfonts/cm/cmr10.pfb><
/usr/share/texmf-dist/fonts/type1/public/amsfonts/cm/cmr12.pfb></usr/share/texm
f-dist/fonts/type1/public/amsfonts/cm/cmr17.pfb>
Output written on report.pdf (9 pages, 13163904 bytes).
PDF statistics:
 71 PDF objects out of 1000 (max. 8388607)
 35 compressed objects within 1 object stream
 0 named destinations out of 1000 (max. 500000)
 41 words of extra memory for PDF output out of 10000 (max. 10000000)

